mktextfm Not
mktextfm Not
mktextfm Not
mktextfm Not/BI
mktextfm Not
mktextfm Not/B
mktextfm Not
mktextfm Not/I
mktextfm Not
mktextfm Not
mktextfm Not
mktextfm Not
mktextfm Not
mktextfm Not
mktextfm Not
mktextfm Not
mktextfm Not
mktextfm Not
mktextfm 
mktextfm 
mktextfm Noto
mktextfm Noto
mktextfm Noto
mktextfm Noto/BI
mktextfm Noto
mktextfm Noto/B
mktextfm Noto
mktextfm Noto/I
mktextfm Noto
mktextfm Noto
mktextfm Noto
mktextfm Noto
mktextfm Noto
mktextfm Noto
mktextfm Noto
mktextfm B
mktextfm B
mktextfm B
mktextfm B/BI
mktextfm B
mktextfm B/B
mktextfm B
mktextfm B/I
mktextfm B
mktextfm B
mktextfm B
mktextfm B
mktextfm B
mktextfm B
mktextfm B
mktextfm B
mktextfm B
mktextfm B
